02.05.2018 13:40 - Log.MarketModel - INFO - Optimization Options:{
  "opt": "cbco_nodal",
  "infeas_heat": true,
  "infeas_el": true,
  "infeas_lines": true
}

02.05.2018 13:40 - Log.MarketModel - INFO - Market Tool Initialized
02.05.2018 13:43 - Log.MarketModel - INFO - Optimization Options:{
  "opt": "cbco_nodal",
  "infeas_heat": true,
  "infeas_el": true,
  "infeas_lines": true
}

02.05.2018 13:43 - Log.MarketModel - INFO - Market Tool Initialized
02.05.2018 13:56 - Log.MarketModel.DataManagement - INFO - Initializing DataSet..
02.05.2018 13:56 - Log.MarketModel - INFO - Optimization Options:{
  "opt": "cbco_nodal",
  "infeas_heat": true,
  "infeas_el": true,
  "infeas_lines": true
}

02.05.2018 13:56 - Log.MarketModel - INFO - Market Tool Initialized
02.05.2018 13:56 - Log.MarketModel.DataManagement - INFO - Initializing DataSet..
02.05.2018 13:56 - Log.MarketModel - INFO - Optimization Options:{
  "opt": "cbco_nodal",
  "infeas_heat": true,
  "infeas_el": true,
  "infeas_lines": true
}

02.05.2018 13:56 - Log.MarketModel - INFO - Market Tool Initialized
02.05.2018 13:57 - Log.MarketModel.DataManagement - INFO - Initializing DataSet..
02.05.2018 13:57 - Log.MarketModel - INFO - Optimization Options:{
  "opt": "cbco_nodal",
  "infeas_heat": true,
  "infeas_el": true,
  "infeas_lines": true
}

02.05.2018 13:57 - Log.MarketModel - INFO - Market Tool Initialized
02.05.2018 13:57 - Log.MarketModel.DataManagement - INFO - Initializing DataSet..
02.05.2018 13:57 - Log.MarketModel - INFO - Optimization Options:{
  "opt": "cbco_nodal",
  "infeas_heat": true,
  "infeas_el": true,
  "infeas_lines": true
}

02.05.2018 13:57 - Log.MarketModel - INFO - Market Tool Initialized
02.05.2018 13:57 - Log.MarketModel.DataManagement - INFO - Initializing DataSet..
02.05.2018 13:57 - Log.MarketModel - INFO - Optimization Options:{
  "opt": "cbco_nodal",
  "infeas_heat": true,
  "infeas_el": true,
  "infeas_lines": true
}

02.05.2018 13:57 - Log.MarketModel - INFO - Market Tool Initialized
02.05.2018 14:07 - Log.MarketModel.DataManagement - INFO - Initializing DataSet..
02.05.2018 14:07 - Log.MarketModel - INFO - Optimization Options:{
  "opt": "cbco_nodal",
  "infeas_heat": true,
  "infeas_el": true,
  "infeas_lines": true
}

02.05.2018 14:07 - Log.MarketModel - INFO - Market Tool Initialized
02.05.2018 14:07 - Log.MarketModel - ERROR - File test_data/diw_demo.xlsx can not be found!
NoneType: None
02.05.2018 14:07 - Log.MarketModel.DataManagement - INFO - Initializing DataSet..
02.05.2018 14:07 - Log.MarketModel - INFO - Optimization Options:{
  "opt": "cbco_nodal",
  "infeas_heat": true,
  "infeas_el": true,
  "infeas_lines": true
}

02.05.2018 14:07 - Log.MarketModel - INFO - Market Tool Initialized
02.05.2018 14:07 - Log.MarketModel - ERROR - File /test_data/diw_demo.xlsx can not be found!
NoneType: None
02.05.2018 14:08 - Log.MarketModel.DataManagement - INFO - Initializing DataSet..
02.05.2018 14:08 - Log.MarketModel - INFO - Optimization Options:{
  "opt": "cbco_nodal",
  "infeas_heat": true,
  "infeas_el": true,
  "infeas_lines": true
}

02.05.2018 14:08 - Log.MarketModel - INFO - Market Tool Initialized
02.05.2018 14:09 - Log.MarketModel.DataManagement - INFO - Initializing DataSet..
02.05.2018 14:09 - Log.MarketModel - INFO - Optimization Options:{
  "opt": "cbco_nodal",
  "infeas_heat": true,
  "infeas_el": true,
  "infeas_lines": true
}

02.05.2018 14:09 - Log.MarketModel - INFO - Market Tool Initialized
02.05.2018 14:09 - Log.MarketModel.DataManagement - ERROR - Error in DataSet!
Traceback (most recent call last):
  File "/Users/Balu/tubcloud/Market_Tool/pomato_repo/pomato/data_management.py", line 26, in read_xls_data
    xls = pd.ExcelFile(wdir.joinpath("data").joinpath(xls_name))
  File "/Users/Balu/anaconda3/lib/python3.6/site-packages/pandas/io/excel.py", line 294, in __init__
    self.book = xlrd.open_workbook(self._io)
  File "/Users/Balu/anaconda3/lib/python3.6/site-packages/xlrd/__init__.py", line 116, in open_workbook
    with open(filename, "rb") as f:
FileNotFoundError: [Errno 2] No such file or directory: '/Users/Balu/tubcloud/Market_Tool/pomato_repo/data/diw_demo.xlsx'
02.05.2018 14:13 - Log.MarketModel.DataManagement - INFO - Initializing DataSet..
02.05.2018 14:13 - Log.MarketModel - INFO - Optimization Options:{
  "opt": "cbco_nodal",
  "infeas_heat": true,
  "infeas_el": true,
  "infeas_lines": true
}

02.05.2018 14:13 - Log.MarketModel - INFO - Market Tool Initialized
02.05.2018 14:13 - Log.MarketModel - ERROR - File test_data/diw_demo.xlsx can not be found!
NoneType: None
02.05.2018 14:19 - Log.MarketModel.DataManagement - INFO - Initializing DataSet..
02.05.2018 14:19 - Log.MarketModel - INFO - Optimization Options:{
  "opt": "cbco_nodal",
  "infeas_heat": true,
  "infeas_el": true,
  "infeas_lines": true
}

02.05.2018 14:19 - Log.MarketModel - INFO - Market Tool Initialized
02.05.2018 14:20 - Log.MarketModel.DataManagement - INFO - Initializing DataSet..
02.05.2018 14:20 - Log.MarketModel - INFO - Optimization Options:{
  "opt": "cbco_nodal",
  "infeas_heat": true,
  "infeas_el": true,
  "infeas_lines": true
}

02.05.2018 14:20 - Log.MarketModel - INFO - Market Tool Initialized
02.05.2018 14:20 - Log.MarketModel.DataManagement - INFO - Cleaning Names...
02.05.2018 14:20 - Log.MarketModel.DataManagement - INFO - Checking Data...
02.05.2018 14:20 - Log.MarketModel.DataManagement - WARNING - DataFrame plants contains NaN in column heatarea
02.05.2018 14:20 - Log.MarketModel.DataManagement - INFO - DataSet initialized!
02.05.2018 14:21 - Log.MarketModel.DataManagement - INFO - Initializing DataSet..
02.05.2018 14:21 - Log.MarketModel - INFO - Optimization Options:{
  "opt": "cbco_nodal",
  "infeas_heat": true,
  "infeas_el": true,
  "infeas_lines": true
}

02.05.2018 14:21 - Log.MarketModel - INFO - Market Tool Initialized
02.05.2018 14:21 - Log.MarketModel.DataManagement - INFO - Reading Data
02.05.2018 14:21 - Log.MarketModel.DataManagement - INFO - Cleaning Names...
02.05.2018 14:21 - Log.MarketModel.DataManagement - INFO - Checking Data...
02.05.2018 14:21 - Log.MarketModel.DataManagement - WARNING - DataFrame plants contains NaN in column heatarea
02.05.2018 14:21 - Log.MarketModel.DataManagement - INFO - DataSet initialized!
02.05.2018 14:25 - Log.MarketModel.DataManagement - INFO - Initializing DataSet..
02.05.2018 14:25 - Log.MarketModel - INFO - Optimization Options:{
  "opt": "cbco_nodal",
  "infeas_heat": true,
  "infeas_el": true,
  "infeas_lines": true
}

02.05.2018 14:25 - Log.MarketModel - INFO - Market Tool Initialized
02.05.2018 14:25 - Log.MarketModel.DataManagement - INFO - Reading Data from Excel File
02.05.2018 14:25 - Log.MarketModel.DataManagement - INFO - Cleaning Names...
02.05.2018 14:25 - Log.MarketModel.DataManagement - INFO - Checking Data...
02.05.2018 14:25 - Log.MarketModel.DataManagement - WARNING - DataFrame plants contains NaN in column heatarea
02.05.2018 14:25 - Log.MarketModel.DataManagement - INFO - DataSet initialized!
02.05.2018 14:25 - Log.MarketModel.DataManagement - INFO - Initializing DataSet..
02.05.2018 14:52 - Log.MarketModel - INFO - Optimization Options:{
  "opt": "cbco_nodal",
  "infeas_heat": true,
  "infeas_el": true,
  "infeas_lines": true
}

02.05.2018 14:52 - Log.MarketModel - INFO - Market Tool Initialized
02.05.2018 14:52 - Log.MarketModel.DataManagement - INFO - Initializing DataSet..
02.05.2018 14:52 - Log.MarketModel.DataManagement - INFO - Reading Data from Excel File
02.05.2018 14:52 - Log.MarketModel.DataManagement - INFO - Cleaning Names...
02.05.2018 14:52 - Log.MarketModel.DataManagement - INFO - Checking Data...
02.05.2018 14:52 - Log.MarketModel.DataManagement - WARNING - DataFrame plants contains NaN in column heatarea
02.05.2018 14:52 - Log.MarketModel.DataManagement - INFO - DataSet initialized!
02.05.2018 14:52 - Log.MarketModel.GridModel - INFO - Initializing GridModel..
02.05.2018 14:52 - Log.MarketModel.GridModel - INFO - Checking Grid Topology...
02.05.2018 14:52 - Log.MarketModel.GridModel - INFO - Radial lines are part of the contingency: l239, l268
02.05.2018 14:52 - Log.MarketModel.GridModel - INFO - Contingency of radial lines is set to False
02.05.2018 14:52 - Log.MarketModel.GridModel - INFO - GridModel initialized!
02.05.2018 14:53 - Log.MarketModel - INFO - Optimization Options:{
  "opt": "cbco_nodal",
  "infeas_heat": true,
  "infeas_el": true,
  "infeas_lines": true
}

02.05.2018 14:53 - Log.MarketModel - INFO - Market Tool Initialized
02.05.2018 14:53 - Log.MarketModel.DataManagement - INFO - Initializing DataSet..
02.05.2018 14:53 - Log.MarketModel.DataManagement - INFO - Reading Data from Excel File
02.05.2018 14:53 - Log.MarketModel.DataManagement - INFO - Cleaning Names...
02.05.2018 14:53 - Log.MarketModel.DataManagement - INFO - Checking Data...
02.05.2018 14:53 - Log.MarketModel.DataManagement - WARNING - DataFrame plants contains NaN in column heatarea
02.05.2018 14:53 - Log.MarketModel.DataManagement - INFO - DataSet initialized!
02.05.2018 14:56 - Log.MarketModel - INFO - Optimization Options:{
  "opt": "cbco_nodal",
  "infeas_heat": true,
  "infeas_el": true,
  "infeas_lines": true
}

02.05.2018 14:56 - Log.MarketModel - INFO - Market Tool Initialized
02.05.2018 14:56 - Log.MarketModel.DataManagement - INFO - Initializing DataSet..
02.05.2018 14:56 - Log.MarketModel.DataManagement - INFO - Reading Data from Excel File
02.05.2018 14:56 - Log.MarketModel.DataManagement - INFO - Cleaning Names...
02.05.2018 14:56 - Log.MarketModel.DataManagement - INFO - Checking Data...
02.05.2018 14:56 - Log.MarketModel.DataManagement - WARNING - DataFrame plants contains NaN in column heatarea
02.05.2018 14:56 - Log.MarketModel.DataManagement - INFO - DataSet initialized!
02.05.2018 14:57 - Log.MarketModel - INFO - Optimization Options:{
  "opt": "cbco_nodal",
  "infeas_heat": true,
  "infeas_el": true,
  "infeas_lines": true
}

02.05.2018 14:57 - Log.MarketModel - INFO - Market Tool Initialized
02.05.2018 14:57 - Log.MarketModel.DataManagement - INFO - Initializing DataSet..
02.05.2018 14:57 - Log.MarketModel.DataManagement - INFO - Reading Data from Excel File
02.05.2018 14:57 - Log.MarketModel.DataManagement - INFO - Cleaning Names...
02.05.2018 14:57 - Log.MarketModel.DataManagement - INFO - Checking Data...
02.05.2018 14:57 - Log.MarketModel.DataManagement - WARNING - DataFrame plants contains NaN in column heatarea
02.05.2018 14:57 - Log.MarketModel.DataManagement - INFO - DataSet initialized!
02.05.2018 14:57 - Log.MarketModel - INFO - Optimization Options:{
  "opt": "cbco_nodal",
  "infeas_heat": true,
  "infeas_el": true,
  "infeas_lines": true
}

02.05.2018 14:57 - Log.MarketModel - INFO - Market Tool Initialized
02.05.2018 14:57 - Log.MarketModel.DataManagement - INFO - Initializing DataSet..
02.05.2018 14:57 - Log.MarketModel.DataManagement - INFO - Reading Data from Excel File
02.05.2018 14:57 - Log.MarketModel.DataManagement - INFO - Cleaning Names...
02.05.2018 14:57 - Log.MarketModel.DataManagement - INFO - Checking Data...
02.05.2018 14:57 - Log.MarketModel.DataManagement - WARNING - DataFrame plants contains NaN in column heatarea
02.05.2018 14:57 - Log.MarketModel.DataManagement - INFO - DataSet initialized!
02.05.2018 14:58 - Log.MarketModel - INFO - Optimization Options:{
  "opt": "cbco_nodal",
  "infeas_heat": true,
  "infeas_el": true,
  "infeas_lines": true
}

02.05.2018 14:58 - Log.MarketModel - INFO - Market Tool Initialized
02.05.2018 14:58 - Log.MarketModel.DataManagement - INFO - Initializing DataSet..
02.05.2018 14:58 - Log.MarketModel.DataManagement - INFO - Reading Data from Excel File
02.05.2018 14:58 - Log.MarketModel.DataManagement - INFO - Cleaning Names...
02.05.2018 14:58 - Log.MarketModel.DataManagement - INFO - Checking Data...
02.05.2018 14:58 - Log.MarketModel.DataManagement - WARNING - DataFrame plants contains NaN in column heatarea
02.05.2018 14:58 - Log.MarketModel.DataManagement - INFO - DataSet initialized!
02.05.2018 15:24 - Log.MarketModel - INFO - Optimization Options:{
  "opt": "cbco_nodal",
  "infeas_heat": true,
  "infeas_el": true,
  "infeas_lines": true
}

02.05.2018 15:24 - Log.MarketModel - INFO - Market Tool Initialized
02.05.2018 15:24 - Log.MarketModel.DataManagement - INFO - Initializing DataSet..
02.05.2018 15:24 - Log.MarketModel.DataManagement - INFO - Reading Data from Excel File
02.05.2018 15:24 - Log.MarketModel.DataManagement - INFO - Cleaning Names...
02.05.2018 15:24 - Log.MarketModel.DataManagement - INFO - Checking Data...
02.05.2018 15:24 - Log.MarketModel.DataManagement - WARNING - DataFrame plants contains NaN in column heatarea
02.05.2018 15:24 - Log.MarketModel.DataManagement - INFO - DataSet initialized!
02.05.2018 15:42 - Log.MarketModel - INFO - Optimization Options:{
  "opt": "cbco_nodal",
  "infeas_heat": true,
  "infeas_el": true,
  "infeas_lines": true
}

02.05.2018 15:42 - Log.MarketModel - INFO - Market Tool Initialized
02.05.2018 15:42 - Log.MarketModel.DataManagement - INFO - Initializing DataSet..
02.05.2018 15:50 - Log.MarketModel - INFO - Optimization Options:{
  "opt": "cbco_nodal",
  "infeas_heat": true,
  "infeas_el": true,
  "infeas_lines": true
}

02.05.2018 15:50 - Log.MarketModel - INFO - Market Tool Initialized
02.05.2018 15:50 - Log.MarketModel.DataManagement - INFO - Initializing DataSet..
02.05.2018 15:50 - Log.MarketModel - INFO - Optimization Options:{
  "opt": "cbco_nodal",
  "infeas_heat": true,
  "infeas_el": true,
  "infeas_lines": true
}

02.05.2018 15:50 - Log.MarketModel - INFO - Market Tool Initialized
02.05.2018 15:50 - Log.MarketModel.DataManagement - INFO - Initializing DataSet..
02.05.2018 15:53 - Log.MarketModel - INFO - Optimization Options:{
  "opt": "cbco_nodal",
  "infeas_heat": true,
  "infeas_el": true,
  "infeas_lines": true
}

02.05.2018 15:53 - Log.MarketModel - INFO - Market Tool Initialized
02.05.2018 15:53 - Log.MarketModel.DataManagement - INFO - Initializing DataSet..
02.05.2018 15:54 - Log.MarketModel - INFO - Optimization Options:{
  "opt": "cbco_nodal",
  "infeas_heat": true,
  "infeas_el": true,
  "infeas_lines": true
}

02.05.2018 15:54 - Log.MarketModel - INFO - Market Tool Initialized
02.05.2018 15:54 - Log.MarketModel.DataManagement - INFO - Initializing DataSet..
02.05.2018 15:54 - Log.MarketModel.DataManagement - INFO - Reading Data from Excel File
02.05.2018 15:54 - Log.MarketModel.DataManagement - INFO - Cleaning Names...
02.05.2018 15:55 - Log.MarketModel.DataManagement - INFO - Checking Data...
02.05.2018 15:55 - Log.MarketModel.DataManagement - WARNING - DataFrame plants contains NaN in column heatarea
02.05.2018 15:55 - Log.MarketModel.DataManagement - INFO - DataSet initialized!
02.05.2018 16:04 - Log.MarketModel - INFO - Optimization Options:{
  "opt": "cbco_nodal",
  "infeas_heat": true,
  "infeas_el": true,
  "infeas_lines": true
}

02.05.2018 16:04 - Log.MarketModel - INFO - Market Tool Initialized
02.05.2018 16:04 - Log.MarketModel.DataManagement - INFO - Initializing DataSet..
02.05.2018 16:04 - Log.MarketModel.DataManagement - INFO - Reading Data from Excel File
02.05.2018 16:04 - Log.MarketModel.DataManagement - INFO - Cleaning Names...
02.05.2018 16:04 - Log.MarketModel.DataManagement - INFO - Checking Data...
02.05.2018 16:04 - Log.MarketModel.DataManagement - WARNING - DataFrame plants contains NaN in column heatarea
02.05.2018 16:04 - Log.MarketModel.DataManagement - INFO - DataSet initialized!
02.05.2018 16:05 - Log.MarketModel - INFO - Optimization Options:{
  "opt": "cbco_nodal",
  "infeas_heat": true,
  "infeas_el": true,
  "infeas_lines": true
}

02.05.2018 16:05 - Log.MarketModel - INFO - Market Tool Initialized
02.05.2018 16:05 - Log.MarketModel.DataManagement - INFO - Initializing DataSet..
02.05.2018 16:13 - Log.MarketModel - INFO - Optimization Options:{
  "opt": "cbco_nodal",
  "infeas_heat": true,
  "infeas_el": true,
  "infeas_lines": true
}

02.05.2018 16:13 - Log.MarketModel - INFO - Market Tool Initialized
02.05.2018 16:13 - Log.MarketModel.DataManagement - INFO - Initializing DataSet..
02.05.2018 16:13 - Log.MarketModel - INFO - Optimization Options:{
  "opt": "cbco_nodal",
  "infeas_heat": true,
  "infeas_el": true,
  "infeas_lines": true
}

02.05.2018 16:13 - Log.MarketModel - INFO - Market Tool Initialized
02.05.2018 16:13 - Log.MarketModel.DataManagement - INFO - Initializing DataSet..
02.05.2018 16:14 - Log.MarketModel - INFO - Optimization Options:{
  "opt": "cbco_nodal",
  "infeas_heat": true,
  "infeas_el": true,
  "infeas_lines": true
}

02.05.2018 16:14 - Log.MarketModel - INFO - Market Tool Initialized
02.05.2018 16:14 - Log.MarketModel.DataManagement - INFO - Initializing DataSet..
02.05.2018 16:15 - Log.MarketModel - INFO - Optimization Options:{
  "opt": "cbco_nodal",
  "infeas_heat": true,
  "infeas_el": true,
  "infeas_lines": true
}

02.05.2018 16:15 - Log.MarketModel - INFO - Market Tool Initialized
02.05.2018 16:15 - Log.MarketModel.DataManagement - INFO - Initializing DataSet..
02.05.2018 16:44 - Log.MarketModel - INFO - Optimization Options:{
  "opt": "cbco_nodal",
  "infeas_heat": true,
  "infeas_el": true,
  "infeas_lines": true
}

02.05.2018 16:44 - Log.MarketModel - INFO - Market Tool Initialized
02.05.2018 16:44 - Log.MarketModel.DataManagement - INFO - Initializing DataSet..
02.05.2018 16:44 - Log.MarketModel.DataManagement - INFO - Reading Data from Excel File
02.05.2018 16:44 - Log.MarketModel.DataManagement - INFO - Cleaning Names...
02.05.2018 16:44 - Log.MarketModel.DataManagement - INFO - Checking Data...
02.05.2018 16:44 - Log.MarketModel.DataManagement - WARNING - DataFrame plants contains NaN in column heatarea
02.05.2018 16:44 - Log.MarketModel.DataManagement - INFO - DataSet initialized!
05.05.2018 16:51 - Log.MarketModel - INFO - Optimization Options:{
  "opt": "cbco_nodal",
  "infeas_heat": true,
  "infeas_el": true,
  "infeas_lines": true
}

05.05.2018 16:51 - Log.MarketModel - INFO - Market Tool Initialized
05.05.2018 16:51 - Log.MarketModel.DataManagement - INFO - Initializing DataSet..
05.05.2018 16:54 - Log.MarketModel - INFO - Optimization Options:{
  "opt": "cbco_nodal",
  "infeas_heat": true,
  "infeas_el": true,
  "infeas_lines": true
}

05.05.2018 16:54 - Log.MarketModel - INFO - Market Tool Initialized
05.05.2018 16:54 - Log.MarketModel.DataManagement - INFO - Initializing DataSet..
05.05.2018 16:55 - Log.MarketModel - INFO - Optimization Options:{
  "opt": "cbco_nodal",
  "infeas_heat": true,
  "infeas_el": true,
  "infeas_lines": true
}

05.05.2018 16:55 - Log.MarketModel - INFO - Market Tool Initialized
05.05.2018 16:55 - Log.MarketModel.DataManagement - INFO - Initializing DataSet..
05.05.2018 16:55 - Log.MarketModel - INFO - Optimization Options:{
  "opt": "cbco_nodal",
  "infeas_heat": true,
  "infeas_el": true,
  "infeas_lines": true
}

05.05.2018 16:55 - Log.MarketModel - INFO - Market Tool Initialized
05.05.2018 16:55 - Log.MarketModel.DataManagement - INFO - Initializing DataSet..
05.05.2018 17:00 - Log.MarketModel - INFO - Optimization Options:{
  "opt": "cbco_nodal",
  "infeas_heat": true,
  "infeas_el": true,
  "infeas_lines": true
}

05.05.2018 17:00 - Log.MarketModel - INFO - Market Tool Initialized
05.05.2018 17:00 - Log.MarketModel.DataManagement - INFO - Initializing DataSet..
05.05.2018 17:01 - Log.MarketModel - INFO - Optimization Options:{
  "opt": "cbco_nodal",
  "infeas_heat": true,
  "infeas_el": true,
  "infeas_lines": true
}

05.05.2018 17:01 - Log.MarketModel - INFO - Market Tool Initialized
05.05.2018 17:01 - Log.MarketModel.DataManagement - INFO - Initializing DataSet..
05.05.2018 17:01 - Log.MarketModel - INFO - Optimization Options:{
  "opt": "cbco_nodal",
  "infeas_heat": true,
  "infeas_el": true,
  "infeas_lines": true
}

05.05.2018 17:01 - Log.MarketModel - INFO - Market Tool Initialized
05.05.2018 17:01 - Log.MarketModel.DataManagement - INFO - Initializing DataSet..
05.05.2018 17:01 - Log.MarketModel - INFO - Optimization Options:{
  "opt": "cbco_nodal",
  "infeas_heat": true,
  "infeas_el": true,
  "infeas_lines": true
}

05.05.2018 17:01 - Log.MarketModel - INFO - Market Tool Initialized
05.05.2018 17:01 - Log.MarketModel.DataManagement - INFO - Initializing DataSet..
05.05.2018 17:02 - Log.MarketModel - INFO - Optimization Options:{
  "opt": "cbco_nodal",
  "infeas_heat": true,
  "infeas_el": true,
  "infeas_lines": true
}

05.05.2018 17:02 - Log.MarketModel - INFO - Market Tool Initialized
05.05.2018 17:02 - Log.MarketModel.DataManagement - INFO - Initializing DataSet..
05.05.2018 17:05 - Log.MarketModel - INFO - Optimization Options:{
  "opt": "cbco_nodal",
  "infeas_heat": true,
  "infeas_el": true,
  "infeas_lines": true
}

05.05.2018 17:05 - Log.MarketModel - INFO - Market Tool Initialized
05.05.2018 17:05 - Log.MarketModel.DataManagement - INFO - Initializing DataSet..
05.05.2018 17:06 - Log.MarketModel - INFO - Optimization Options:{
  "opt": "cbco_nodal",
  "infeas_heat": true,
  "infeas_el": true,
  "infeas_lines": true
}

05.05.2018 17:06 - Log.MarketModel - INFO - Market Tool Initialized
05.05.2018 17:06 - Log.MarketModel.DataManagement - INFO - Initializing DataSet..
05.05.2018 17:07 - Log.MarketModel - INFO - Optimization Options:{
  "opt": "cbco_nodal",
  "infeas_heat": true,
  "infeas_el": true,
  "infeas_lines": true
}

05.05.2018 17:07 - Log.MarketModel - INFO - Market Tool Initialized
05.05.2018 17:07 - Log.MarketModel.DataManagement - INFO - Initializing DataSet..
05.05.2018 17:12 - Log.MarketModel - INFO - Optimization Options:{
  "opt": "cbco_nodal",
  "infeas_heat": true,
  "infeas_el": true,
  "infeas_lines": true
}

05.05.2018 17:12 - Log.MarketModel - INFO - Market Tool Initialized
05.05.2018 17:12 - Log.MarketModel.DataManagement - INFO - Initializing DataSet..
05.05.2018 17:13 - Log.MarketModel - INFO - Optimization Options:{
  "opt": "cbco_nodal",
  "infeas_heat": true,
  "infeas_el": true,
  "infeas_lines": true
}

05.05.2018 17:13 - Log.MarketModel - INFO - Market Tool Initialized
05.05.2018 17:13 - Log.MarketModel.DataManagement - INFO - Initializing DataSet..
05.05.2018 17:13 - Log.MarketModel - INFO - Optimization Options:{
  "opt": "cbco_nodal",
  "infeas_heat": true,
  "infeas_el": true,
  "infeas_lines": true
}

05.05.2018 17:13 - Log.MarketModel - INFO - Market Tool Initialized
05.05.2018 17:13 - Log.MarketModel.DataManagement - INFO - Initializing DataSet..
06.05.2018 12:44 - Log.MarketModel - INFO - Optimization Options:{
  "opt": "cbco_nodal",
  "infeas_heat": true,
  "infeas_el": true,
  "infeas_lines": true
}

06.05.2018 12:44 - Log.MarketModel - INFO - Market Tool Initialized
06.05.2018 12:44 - Log.MarketModel.DataManagement - INFO - Initializing DataSet..
06.05.2018 12:45 - Log.MarketModel - INFO - Optimization Options:{
  "opt": "cbco_nodal",
  "infeas_heat": true,
  "infeas_el": true,
  "infeas_lines": true
}

06.05.2018 12:45 - Log.MarketModel - INFO - Market Tool Initialized
06.05.2018 12:45 - Log.MarketModel.DataManagement - INFO - Initializing DataSet..
06.05.2018 12:45 - Log.MarketModel - ERROR - MP Case case33bw can not be found!
NoneType: None
06.05.2018 13:06 - Log.MarketModel - INFO - Optimization Options:{
  "opt": "cbco_nodal",
  "infeas_heat": true,
  "infeas_el": true,
  "infeas_lines": true
}

06.05.2018 13:06 - Log.MarketModel - INFO - Market Tool Initialized
06.05.2018 13:06 - Log.MarketModel.DataManagement - INFO - Initializing DataSet..
06.05.2018 13:06 - Log.MarketModel - INFO - Optimization Options:{
  "opt": "cbco_nodal",
  "infeas_heat": true,
  "infeas_el": true,
  "infeas_lines": true
}

06.05.2018 13:06 - Log.MarketModel - INFO - Market Tool Initialized
06.05.2018 13:06 - Log.MarketModel.DataManagement - INFO - Initializing DataSet..
06.05.2018 13:07 - Log.MarketModel - INFO - Optimization Options:{
  "opt": "cbco_nodal",
  "infeas_heat": true,
  "infeas_el": true,
  "infeas_lines": true
}

06.05.2018 13:07 - Log.MarketModel - INFO - Market Tool Initialized
06.05.2018 13:07 - Log.MarketModel.DataManagement - INFO - Initializing DataSet..
06.05.2018 13:08 - Log.MarketModel - INFO - Optimization Options:{
  "opt": "cbco_nodal",
  "infeas_heat": true,
  "infeas_el": true,
  "infeas_lines": true
}

06.05.2018 13:08 - Log.MarketModel - INFO - Market Tool Initialized
06.05.2018 13:08 - Log.MarketModel.DataManagement - INFO - Initializing DataSet..
06.05.2018 13:08 - Log.MarketModel - INFO - Optimization Options:{
  "opt": "cbco_nodal",
  "infeas_heat": true,
  "infeas_el": true,
  "infeas_lines": true
}

06.05.2018 13:08 - Log.MarketModel - INFO - Market Tool Initialized
06.05.2018 13:08 - Log.MarketModel.DataManagement - INFO - Initializing DataSet..
06.05.2018 13:08 - Log.MarketModel - INFO - Optimization Options:{
  "opt": "cbco_nodal",
  "infeas_heat": true,
  "infeas_el": true,
  "infeas_lines": true
}

06.05.2018 13:08 - Log.MarketModel - INFO - Market Tool Initialized
06.05.2018 13:08 - Log.MarketModel.DataManagement - INFO - Initializing DataSet..
06.05.2018 13:09 - Log.MarketModel - INFO - Optimization Options:{
  "opt": "cbco_nodal",
  "infeas_heat": true,
  "infeas_el": true,
  "infeas_lines": true
}

06.05.2018 13:09 - Log.MarketModel - INFO - Market Tool Initialized
06.05.2018 13:09 - Log.MarketModel.DataManagement - INFO - Initializing DataSet..
06.05.2018 13:10 - Log.MarketModel - INFO - Optimization Options:{
  "opt": "cbco_nodal",
  "infeas_heat": true,
  "infeas_el": true,
  "infeas_lines": true
}

06.05.2018 13:10 - Log.MarketModel - INFO - Market Tool Initialized
06.05.2018 13:10 - Log.MarketModel.DataManagement - INFO - Initializing DataSet..
06.05.2018 13:17 - Log.MarketModel - INFO - Optimization Options:{
  "opt": "cbco_nodal",
  "infeas_heat": true,
  "infeas_el": true,
  "infeas_lines": true
}

06.05.2018 13:17 - Log.MarketModel - INFO - Market Tool Initialized
06.05.2018 13:17 - Log.MarketModel.DataManagement - INFO - Initializing DataSet..
06.05.2018 13:18 - Log.MarketModel - INFO - Optimization Options:{
  "opt": "cbco_nodal",
  "infeas_heat": true,
  "infeas_el": true,
  "infeas_lines": true
}

06.05.2018 13:18 - Log.MarketModel - INFO - Market Tool Initialized
06.05.2018 13:18 - Log.MarketModel.DataManagement - INFO - Initializing DataSet..
06.05.2018 13:19 - Log.MarketModel - INFO - Optimization Options:{
  "opt": "cbco_nodal",
  "infeas_heat": true,
  "infeas_el": true,
  "infeas_lines": true
}

06.05.2018 13:19 - Log.MarketModel - INFO - Market Tool Initialized
06.05.2018 13:19 - Log.MarketModel.DataManagement - INFO - Initializing DataSet..
06.05.2018 13:19 - Log.MarketModel - INFO - Optimization Options:{
  "opt": "cbco_nodal",
  "infeas_heat": true,
  "infeas_el": true,
  "infeas_lines": true
}

06.05.2018 13:19 - Log.MarketModel - INFO - Market Tool Initialized
06.05.2018 13:19 - Log.MarketModel.DataManagement - INFO - Initializing DataSet..
06.05.2018 13:36 - Log.MarketModel - INFO - Market Tool Initialized
06.05.2018 13:36 - Log.MarketModel.DataManagement - INFO - Initializing DataSet..
06.05.2018 13:49 - Log.MarketModel - INFO - Optimization Options:{
  "opt": "cbco_nodal",
  "infeas_heat": true,
  "infeas_el": true,
  "infeas_lines": true
}

06.05.2018 13:49 - Log.MarketModel - INFO - Market Tool Initialized
06.05.2018 13:49 - Log.MarketModel.DataManagement - INFO - Initializing DataObject
06.05.2018 13:50 - Log.MarketModel - INFO - Optimization Options:{
  "opt": "cbco_nodal",
  "infeas_heat": true,
  "infeas_el": true,
  "infeas_lines": true
}

06.05.2018 13:50 - Log.MarketModel - INFO - Market Tool Initialized
06.05.2018 13:50 - Log.MarketModel.DataManagement - INFO - Initializing DataObject
06.05.2018 13:50 - Log.MarketModel - INFO - Optimization Options:{
  "opt": "cbco_nodal",
  "infeas_heat": true,
  "infeas_el": true,
  "infeas_lines": true
}

06.05.2018 13:50 - Log.MarketModel - INFO - Market Tool Initialized
06.05.2018 13:50 - Log.MarketModel.DataManagement - INFO - Initializing DataObject
06.05.2018 13:51 - Log.MarketModel - INFO - Optimization Options:{
  "opt": "cbco_nodal",
  "infeas_heat": true,
  "infeas_el": true,
  "infeas_lines": true
}

06.05.2018 13:51 - Log.MarketModel - INFO - Market Tool Initialized
06.05.2018 13:51 - Log.MarketModel.DataManagement - INFO - Initializing DataObject
07.05.2018 10:29 - Log.MarketModel - INFO - Optimization Options:{
  "opt": "cbco_nodal",
  "infeas_heat": true,
  "infeas_el": true,
  "infeas_lines": true
}

07.05.2018 10:29 - Log.MarketModel - INFO - Market Tool Initialized
07.05.2018 10:29 - Log.MarketModel.DataManagement - INFO - Initializing DataObject
07.05.2018 10:32 - Log.MarketModel - INFO - Optimization Options:{
  "opt": "cbco_nodal",
  "infeas_heat": true,
  "infeas_el": true,
  "infeas_lines": true
}

07.05.2018 10:32 - Log.MarketModel - INFO - Market Tool Initialized
07.05.2018 10:32 - Log.MarketModel.DataManagement - INFO - Initializing DataObject
07.05.2018 10:32 - Log.MarketModel - ERROR - File data/diw_demo.xlsx can not be found!
NoneType: None
07.05.2018 10:32 - Log.MarketModel - INFO - Optimization Options:{
  "opt": "cbco_nodal",
  "infeas_heat": true,
  "infeas_el": true,
  "infeas_lines": true
}

07.05.2018 10:32 - Log.MarketModel - INFO - Market Tool Initialized
07.05.2018 10:32 - Log.MarketModel.DataManagement - INFO - Initializing DataObject
07.05.2018 10:32 - Log.MarketModel.DataManagement - INFO - Reading Data from Excel File
07.05.2018 10:32 - Log.MarketModel.DataManagement - INFO - Cleaning Names...
07.05.2018 10:32 - Log.MarketModel.DataManagement - INFO - Checking Data...
07.05.2018 10:32 - Log.MarketModel.DataManagement - WARNING - DataFrame plants contains NaN in column heatarea
07.05.2018 10:32 - Log.MarketModel.DataManagement - INFO - DataSet initialized!
07.05.2018 10:48 - Log.MarketModel - INFO - Optimization Options:{
  "opt": "cbco_nodal",
  "infeas_heat": true,
  "infeas_el": true,
  "infeas_lines": true
}

07.05.2018 10:48 - Log.MarketModel - INFO - Market Tool Initialized
07.05.2018 10:48 - Log.MarketModel.DataManagement - INFO - Initializing DataObject
07.05.2018 10:48 - Log.MarketModel.DataManagement - INFO - Reading Data from Excel File
07.05.2018 10:48 - Log.MarketModel.DataManagement - INFO - Cleaning Names...
07.05.2018 10:48 - Log.MarketModel.DataManagement - INFO - Checking Data...
07.05.2018 10:48 - Log.MarketModel.DataManagement - WARNING - DataFrame plants contains NaN in column heatarea
07.05.2018 10:48 - Log.MarketModel.DataManagement - INFO - DataSet initialized!
07.05.2018 10:48 - Log.MarketModel - INFO - Optimization Options:{
  "opt": "cbco_nodal",
  "infeas_heat": true,
  "infeas_el": true,
  "infeas_lines": true
}

07.05.2018 10:48 - Log.MarketModel - INFO - Market Tool Initialized
07.05.2018 10:48 - Log.MarketModel.DataManagement - INFO - Initializing DataObject
07.05.2018 10:48 - Log.MarketModel.DataManagement - INFO - Reading Data from Excel File
07.05.2018 10:48 - Log.MarketModel.DataManagement - INFO - Cleaning Names...
07.05.2018 10:48 - Log.MarketModel.DataManagement - INFO - Checking Data...
07.05.2018 10:48 - Log.MarketModel.DataManagement - WARNING - DataFrame plants contains NaN in column heatarea
07.05.2018 10:48 - Log.MarketModel.DataManagement - INFO - DataSet initialized!
07.05.2018 10:50 - Log.MarketModel - INFO - Optimization Options:{
  "opt": "cbco_nodal",
  "infeas_heat": true,
  "infeas_el": true,
  "infeas_lines": true
}

07.05.2018 10:50 - Log.MarketModel - INFO - Market Tool Initialized
07.05.2018 10:50 - Log.MarketModel.DataManagement - INFO - Initializing DataObject
07.05.2018 10:50 - Log.MarketModel.DataManagement - INFO - Reading Data from Excel File
07.05.2018 10:50 - Log.MarketModel.DataManagement - INFO - Cleaning Names...
07.05.2018 10:50 - Log.MarketModel.DataManagement - INFO - Checking Data...
07.05.2018 10:50 - Log.MarketModel.DataManagement - WARNING - DataFrame plants contains NaN in column heatarea
07.05.2018 10:50 - Log.MarketModel.DataManagement - INFO - DataSet initialized!
07.05.2018 10:52 - Log.MarketModel - INFO - Optimization Options:{
  "opt": "cbco_nodal",
  "infeas_heat": true,
  "infeas_el": true,
  "infeas_lines": true
}

07.05.2018 10:52 - Log.MarketModel - INFO - Market Tool Initialized
07.05.2018 10:52 - Log.MarketModel.DataManagement - INFO - Initializing DataObject
07.05.2018 10:52 - Log.MarketModel.DataManagement - INFO - Reading Data from Excel File
07.05.2018 10:52 - Log.MarketModel.DataManagement - INFO - Cleaning Names...
07.05.2018 10:52 - Log.MarketModel.DataManagement - INFO - Checking Data...
07.05.2018 10:52 - Log.MarketModel.DataManagement - WARNING - DataFrame plants contains NaN in column heatarea
07.05.2018 10:52 - Log.MarketModel.DataManagement - INFO - DataSet initialized!
07.05.2018 10:56 - Log.MarketModel - INFO - Optimization Options:{
  "opt": "cbco_nodal",
  "infeas_heat": true,
  "infeas_el": true,
  "infeas_lines": true
}

07.05.2018 10:56 - Log.MarketModel - INFO - Market Tool Initialized
07.05.2018 10:56 - Log.MarketModel.DataManagement - INFO - Initializing DataObject
07.05.2018 10:56 - Log.MarketModel.DataManagement - INFO - Reading Data from Excel File
07.05.2018 10:56 - Log.MarketModel.DataManagement - INFO - Cleaning Names...
07.05.2018 10:56 - Log.MarketModel.DataManagement - INFO - Checking Data...
07.05.2018 10:56 - Log.MarketModel.DataManagement - WARNING - DataFrame plants contains NaN in column heatarea
07.05.2018 10:56 - Log.MarketModel.DataManagement - INFO - DataSet initialized!
07.05.2018 11:02 - Log.MarketModel - INFO - Optimization Options:{
  "opt": "cbco_nodal",
  "infeas_heat": true,
  "infeas_el": true,
  "infeas_lines": true
}

07.05.2018 11:02 - Log.MarketModel - INFO - Market Tool Initialized
07.05.2018 11:02 - Log.MarketModel.DataManagement - INFO - Initializing DataObject
07.05.2018 11:02 - Log.MarketModel.DataManagement - INFO - Reading Data from Excel File
07.05.2018 11:02 - Log.MarketModel.DataManagement - INFO - Cleaning Names...
07.05.2018 11:02 - Log.MarketModel.DataManagement - INFO - Checking Data...
07.05.2018 11:02 - Log.MarketModel.DataManagement - WARNING - DataFrame plants contains NaN in column heatarea
07.05.2018 11:02 - Log.MarketModel.DataManagement - INFO - DataSet initialized!
07.05.2018 11:22 - Log.MarketModel - INFO - Optimization Options:{
  "opt": "cbco_nodal",
  "infeas_heat": true,
  "infeas_el": true,
  "infeas_lines": true
}

07.05.2018 11:22 - Log.MarketModel - INFO - Market Tool Initialized
07.05.2018 11:22 - Log.MarketModel.DataManagement - INFO - Initializing DataObject
07.05.2018 11:22 - Log.MarketModel.DataManagement - INFO - Reading Data from Excel File
07.05.2018 11:22 - Log.MarketModel.DataManagement - INFO - Cleaning Names...
07.05.2018 11:22 - Log.MarketModel.DataManagement - INFO - Checking Data...
07.05.2018 11:22 - Log.MarketModel.DataManagement - WARNING - DataFrame plants contains NaN in column heatarea
07.05.2018 11:22 - Log.MarketModel.DataManagement - ERROR - Error in DataSet!
Traceback (most recent call last):
  File "/Users/Balu/tubcloud/Market_Tool/pomato_repo/pomato/data_management.py", line 62, in read_xls_data
    self.check_netinjections()
AttributeError: 'DataManagement' object has no attribute 'check_netinjections'
07.05.2018 11:22 - Log.MarketModel - INFO - Optimization Options:{
  "opt": "cbco_nodal",
  "infeas_heat": true,
  "infeas_el": true,
  "infeas_lines": true
}

07.05.2018 11:22 - Log.MarketModel - INFO - Market Tool Initialized
07.05.2018 11:22 - Log.MarketModel.DataManagement - INFO - Initializing DataObject
07.05.2018 11:22 - Log.MarketModel.DataManagement - INFO - Reading Data from Excel File
07.05.2018 11:22 - Log.MarketModel.DataManagement - INFO - Cleaning Names...
07.05.2018 11:22 - Log.MarketModel.DataManagement - INFO - Checking Data...
07.05.2018 11:22 - Log.MarketModel.DataManagement - WARNING - DataFrame plants contains NaN in column heatarea
07.05.2018 11:22 - Log.MarketModel.DataManagement - INFO - DataSet initialized!
07.05.2018 11:23 - Log.MarketModel - INFO - Optimization Options:{
  "opt": "cbco_nodal",
  "infeas_heat": true,
  "infeas_el": true,
  "infeas_lines": true
}

07.05.2018 11:23 - Log.MarketModel - INFO - Market Tool Initialized
07.05.2018 11:23 - Log.MarketModel.DataManagement - INFO - Initializing DataObject
07.05.2018 11:23 - Log.MarketModel.DataManagement - INFO - Reading Data from Excel File
07.05.2018 11:23 - Log.MarketModel.DataManagement - INFO - Cleaning Names...
07.05.2018 11:23 - Log.MarketModel.DataManagement - INFO - Checking Data...
07.05.2018 11:23 - Log.MarketModel.DataManagement - WARNING - DataFrame plants contains NaN in column heatarea
07.05.2018 11:23 - Log.MarketModel.DataManagement - INFO - DataSet initialized!
07.05.2018 11:23 - Log.MarketModel - INFO - Optimization Options:{
  "opt": "cbco_nodal",
  "infeas_heat": true,
  "infeas_el": true,
  "infeas_lines": true
}

07.05.2018 11:23 - Log.MarketModel - INFO - Market Tool Initialized
07.05.2018 11:23 - Log.MarketModel.DataManagement - INFO - Initializing DataObject
07.05.2018 11:23 - Log.MarketModel.DataManagement - INFO - Reading Data from Excel File
07.05.2018 11:23 - Log.MarketModel.DataManagement - INFO - Cleaning Names...
07.05.2018 11:23 - Log.MarketModel.DataManagement - INFO - Checking Data...
07.05.2018 11:23 - Log.MarketModel.DataManagement - WARNING - DataFrame plants contains NaN in column heatarea
07.05.2018 11:23 - Log.MarketModel.DataManagement - INFO - DataSet initialized!
07.05.2018 11:23 - Log.MarketModel - INFO - Optimization Options:{
  "opt": "cbco_nodal",
  "infeas_heat": true,
  "infeas_el": true,
  "infeas_lines": true
}

07.05.2018 11:23 - Log.MarketModel - INFO - Market Tool Initialized
07.05.2018 11:23 - Log.MarketModel.DataManagement - INFO - Initializing DataObject
07.05.2018 11:23 - Log.MarketModel.DataManagement - INFO - Reading Data from Excel File
07.05.2018 11:23 - Log.MarketModel.DataManagement - INFO - Cleaning Names...
07.05.2018 11:24 - Log.MarketModel.DataManagement - INFO - Checking Data...
07.05.2018 11:24 - Log.MarketModel.DataManagement - WARNING - DataFrame plants contains NaN in column heatarea
07.05.2018 11:24 - Log.MarketModel.DataManagement - INFO - DataSet initialized!
07.05.2018 11:24 - Log.MarketModel - INFO - Optimization Options:{
  "opt": "cbco_nodal",
  "infeas_heat": true,
  "infeas_el": true,
  "infeas_lines": true
}

07.05.2018 11:24 - Log.MarketModel - INFO - Market Tool Initialized
07.05.2018 11:24 - Log.MarketModel.DataManagement - INFO - Initializing DataObject
07.05.2018 11:24 - Log.MarketModel.DataManagement - INFO - Reading Data from Excel File
07.05.2018 11:24 - Log.MarketModel.DataManagement - INFO - Cleaning Names...
07.05.2018 11:24 - Log.MarketModel.DataManagement - INFO - Checking Data...
07.05.2018 11:24 - Log.MarketModel.DataManagement - WARNING - DataFrame plants contains NaN in column heatarea
07.05.2018 11:24 - Log.MarketModel.DataManagement - INFO - DataSet initialized!
07.05.2018 11:31 - Log.MarketModel - INFO - Optimization Options:{
  "opt": "cbco_nodal",
  "infeas_heat": true,
  "infeas_el": true,
  "infeas_lines": true
}

07.05.2018 11:31 - Log.MarketModel - INFO - Market Tool Initialized
07.05.2018 11:31 - Log.MarketModel.DataManagement - INFO - Initializing DataObject
07.05.2018 11:31 - Log.MarketModel.DataManagement - INFO - Reading Data from Excel File
07.05.2018 11:32 - Log.MarketModel.DataManagement - INFO - Cleaning Names...
07.05.2018 11:32 - Log.MarketModel.DataManagement - INFO - Checking Data...
07.05.2018 11:32 - Log.MarketModel.DataManagement - WARNING - DataFrame plants contains NaN in column heatarea
07.05.2018 11:32 - Log.MarketModel.DataManagement - INFO - DataSet initialized!
07.05.2018 11:32 - Log.MarketModel - INFO - Optimization Options:{
  "opt": "cbco_nodal",
  "infeas_heat": true,
  "infeas_el": true,
  "infeas_lines": true
}

07.05.2018 11:32 - Log.MarketModel - INFO - Market Tool Initialized
07.05.2018 11:32 - Log.MarketModel.DataManagement - INFO - Initializing DataObject
07.05.2018 11:32 - Log.MarketModel.DataManagement - INFO - Reading Data from Excel File
07.05.2018 11:33 - Log.MarketModel.DataManagement - INFO - Cleaning Names...
07.05.2018 11:33 - Log.MarketModel.DataManagement - INFO - Checking Data...
07.05.2018 11:33 - Log.MarketModel.DataManagement - WARNING - DataFrame plants contains NaN in column heatarea
07.05.2018 11:33 - Log.MarketModel.DataManagement - INFO - DataSet initialized!
07.05.2018 11:33 - Log.MarketModel - INFO - Optimization Options:{
  "opt": "cbco_nodal",
  "infeas_heat": true,
  "infeas_el": true,
  "infeas_lines": true
}

07.05.2018 11:33 - Log.MarketModel - INFO - Market Tool Initialized
07.05.2018 11:33 - Log.MarketModel.DataManagement - INFO - Initializing DataObject
07.05.2018 11:33 - Log.MarketModel.DataManagement - INFO - Reading Data from Excel File
07.05.2018 11:33 - Log.MarketModel.DataManagement - INFO - Cleaning Names...
07.05.2018 11:33 - Log.MarketModel.DataManagement - INFO - Checking Data...
07.05.2018 11:33 - Log.MarketModel.DataManagement - WARNING - DataFrame plants contains NaN in column heatarea
07.05.2018 11:33 - Log.MarketModel.DataManagement - INFO - DataSet initialized!
07.05.2018 11:34 - Log.MarketModel - INFO - Optimization Options:{
  "opt": "cbco_nodal",
  "infeas_heat": true,
  "infeas_el": true,
  "infeas_lines": true
}

07.05.2018 11:34 - Log.MarketModel - INFO - Market Tool Initialized
07.05.2018 11:34 - Log.MarketModel.DataManagement - INFO - Initializing DataObject
07.05.2018 11:34 - Log.MarketModel.DataManagement - INFO - Reading Data from Excel File
07.05.2018 11:34 - Log.MarketModel.DataManagement - INFO - Cleaning Names...
07.05.2018 11:34 - Log.MarketModel.DataManagement - INFO - Checking Data...
07.05.2018 11:34 - Log.MarketModel.DataManagement - WARNING - DataFrame plants contains NaN in column heatarea
07.05.2018 11:34 - Log.MarketModel.DataManagement - INFO - DataSet initialized!
07.05.2018 11:34 - Log.MarketModel - INFO - Optimization Options:{
  "opt": "cbco_nodal",
  "infeas_heat": true,
  "infeas_el": true,
  "infeas_lines": true
}

07.05.2018 11:34 - Log.MarketModel - INFO - Market Tool Initialized
07.05.2018 11:34 - Log.MarketModel.DataManagement - INFO - Initializing DataObject
07.05.2018 11:34 - Log.MarketModel.DataManagement - INFO - Reading Data from Excel File
07.05.2018 11:34 - Log.MarketModel.DataManagement - INFO - Cleaning Names...
07.05.2018 11:34 - Log.MarketModel.DataManagement - INFO - Checking Data...
07.05.2018 11:34 - Log.MarketModel.DataManagement - WARNING - DataFrame plants contains NaN in column heatarea
07.05.2018 11:34 - Log.MarketModel.DataManagement - INFO - DataSet initialized!
07.05.2018 11:51 - Log.MarketModel - INFO - Optimization Options:{
  "opt": "cbco_nodal",
  "infeas_heat": true,
  "infeas_el": true,
  "infeas_lines": true
}

07.05.2018 11:51 - Log.MarketModel - INFO - Market Tool Initialized
07.05.2018 11:51 - Log.MarketModel.DataManagement - INFO - Initializing DataObject
07.05.2018 11:54 - Log.MarketModel - INFO - Optimization Options:{
  "opt": "cbco_nodal",
  "infeas_heat": true,
  "infeas_el": true,
  "infeas_lines": true
}

07.05.2018 11:54 - Log.MarketModel - INFO - Market Tool Initialized
07.05.2018 11:54 - Log.MarketModel.DataManagement - INFO - Initializing DataObject
07.05.2018 11:54 - Log.MarketModel.GridModel - INFO - Initializing GridModel..
07.05.2018 11:54 - Log.MarketModel.DataManagement - INFO - Reading Data from Excel File
07.05.2018 11:54 - Log.MarketModel.DataManagement - INFO - Cleaning Names...
07.05.2018 11:54 - Log.MarketModel.DataManagement - INFO - Checking Data...
07.05.2018 11:54 - Log.MarketModel.DataManagement - WARNING - DataFrame plants contains NaN in column heatarea
07.05.2018 11:54 - Log.MarketModel.DataManagement - INFO - DataSet initialized!
07.05.2018 11:54 - Log.MarketModel.GridModel - INFO - Checking Grid Topology...
07.05.2018 11:54 - Log.MarketModel.GridModel - INFO - Radial lines are part of the contingency: l239, l268
07.05.2018 11:54 - Log.MarketModel.GridModel - INFO - Contingency of radial lines is set to False
07.05.2018 11:54 - Log.MarketModel.GridModel - INFO - GridModel initialized!
07.05.2018 11:54 - Log.MarketModel - INFO - Optimization Options:{
  "opt": "cbco_nodal",
  "infeas_heat": true,
  "infeas_el": true,
  "infeas_lines": true
}

07.05.2018 11:54 - Log.MarketModel - INFO - Market Tool Initialized
07.05.2018 11:54 - Log.MarketModel.DataManagement - INFO - Initializing DataObject
07.05.2018 11:54 - Log.MarketModel.GridModel - INFO - Initializing GridModel..
07.05.2018 11:55 - Log.MarketModel - INFO - Optimization Options:{
  "opt": "cbco_nodal",
  "infeas_heat": true,
  "infeas_el": true,
  "infeas_lines": true
}

07.05.2018 11:55 - Log.MarketModel - INFO - Market Tool Initialized
07.05.2018 11:55 - Log.MarketModel.DataManagement - INFO - Initializing DataObject
07.05.2018 11:55 - Log.MarketModel.GridModel - INFO - Initializing GridModel..
07.05.2018 11:55 - Log.MarketModel - INFO - Optimization Options:{
  "opt": "cbco_nodal",
  "infeas_heat": true,
  "infeas_el": true,
  "infeas_lines": true
}

07.05.2018 11:55 - Log.MarketModel - INFO - Market Tool Initialized
07.05.2018 11:55 - Log.MarketModel.DataManagement - INFO - Initializing DataObject
07.05.2018 11:55 - Log.MarketModel.GridModel - INFO - Initializing GridModel..
07.05.2018 11:55 - Log.MarketModel.DataManagement - INFO - Reading MatPower Casefile
07.05.2018 11:55 - Log.MarketModel - INFO - Optimization Options:{
  "opt": "cbco_nodal",
  "infeas_heat": true,
  "infeas_el": true,
  "infeas_lines": true
}

07.05.2018 11:55 - Log.MarketModel - INFO - Market Tool Initialized
07.05.2018 11:55 - Log.MarketModel.DataManagement - INFO - Initializing DataObject
07.05.2018 11:55 - Log.MarketModel.GridModel - INFO - Initializing GridModel..
07.05.2018 11:55 - Log.MarketModel.DataManagement - INFO - Reading MatPower Casefile
07.05.2018 11:57 - Log.MarketModel - INFO - Optimization Options:{
  "opt": "cbco_nodal",
  "infeas_heat": true,
  "infeas_el": true,
  "infeas_lines": true
}

07.05.2018 11:57 - Log.MarketModel - INFO - Market Tool Initialized
07.05.2018 11:57 - Log.MarketModel.DataManagement - INFO - Initializing DataObject
07.05.2018 11:57 - Log.MarketModel.GridModel - INFO - Initializing GridModel..
07.05.2018 11:57 - Log.MarketModel.DataManagement - INFO - Reading MatPower Casefile
07.05.2018 11:57 - Log.MarketModel.GridModel - ERROR - Error in GridModel!
Traceback (most recent call last):
  File "/Users/Balu/tubcloud/Market_Tool/pomato_repo/pomato/grid_model.py", line 25, in build_grid_model
    self.mult_slack = bool(len(nodes.index[nodes.slack]) > 1)
  File "/Users/Balu/anaconda3/lib/python3.6/site-packages/pandas/core/generic.py", line 3614, in __getattr__
    return object.__getattribute__(self, name)
AttributeError: 'DataFrame' object has no attribute 'slack'
07.05.2018 11:58 - Log.MarketModel - INFO - Optimization Options:{
  "opt": "cbco_nodal",
  "infeas_heat": true,
  "infeas_el": true,
  "infeas_lines": true
}

07.05.2018 11:58 - Log.MarketModel - INFO - Market Tool Initialized
07.05.2018 11:58 - Log.MarketModel.DataManagement - INFO - Initializing DataObject
07.05.2018 11:58 - Log.MarketModel.GridModel - INFO - Initializing GridModel..
07.05.2018 11:58 - Log.MarketModel.DataManagement - INFO - Reading MatPower Casefile
04.06.2018 14:17 - Log.MarketModel - INFO - Optimization Options:{
  "opt": "cbco_nodal",
  "infeas_heat": true,
  "infeas_el": true,
  "infeas_lines": true
}

04.06.2018 14:17 - Log.MarketModel - INFO - Market Tool Initialized
04.06.2018 14:17 - Log.MarketModel.DataManagement - INFO - Initializing DataObject
04.06.2018 14:17 - Log.MarketModel.GridModel - INFO - Initializing GridModel..
04.06.2018 14:17 - Log.MarketModel.DataManagement - INFO - Reading MatPower Casefile
04.06.2018 16:02 - Log.MarketModel - INFO - Optimization Options:{
  "opt": "cbco_nodal",
  "infeas_heat": true,
  "infeas_el": true,
  "infeas_lines": true
}

04.06.2018 16:02 - Log.MarketModel - INFO - Market Tool Initialized
04.06.2018 16:02 - Log.MarketModel.DataManagement - INFO - Initializing DataObject
04.06.2018 16:02 - Log.MarketModel.GridModel - INFO - Initializing GridModel..
04.06.2018 16:02 - Log.MarketModel.DataManagement - INFO - Reading Data from Excel File
04.06.2018 16:02 - Log.MarketModel.DataManagement - INFO - Cleaning Names...
04.06.2018 16:02 - Log.MarketModel.DataManagement - INFO - Checking Data...
04.06.2018 16:02 - Log.MarketModel.DataManagement - WARNING - DataFrame plants contains NaN in column heatarea
04.06.2018 16:02 - Log.MarketModel.DataManagement - INFO - DataSet initialized!
04.06.2018 16:02 - Log.MarketModel.GridModel - INFO - Checking Grid Topology...
04.06.2018 16:02 - Log.MarketModel.GridModel - INFO - Radial lines are part of the contingency: l239, l268
04.06.2018 16:02 - Log.MarketModel.GridModel - INFO - Contingency of radial lines is set to False
04.06.2018 16:02 - Log.MarketModel.GridModel - INFO - GridModel initialized!
04.06.2018 16:04 - Log.MarketModel - INFO - Optimization Options:{
  "opt": "cbco_nodal",
  "infeas_heat": true,
  "infeas_el": true,
  "infeas_lines": true
}

04.06.2018 16:04 - Log.MarketModel - INFO - Market Tool Initialized
04.06.2018 16:04 - Log.MarketModel.DataManagement - INFO - Initializing DataObject
04.06.2018 16:04 - Log.MarketModel.GridModel - INFO - Initializing GridModel..
04.06.2018 16:04 - Log.MarketModel.DataManagement - INFO - Reading Data from Excel File
04.06.2018 16:04 - Log.MarketModel.DataManagement - INFO - Cleaning Names...
04.06.2018 16:04 - Log.MarketModel.DataManagement - INFO - Checking Data...
04.06.2018 16:04 - Log.MarketModel.DataManagement - WARNING - DataFrame plants contains NaN in column heatarea
04.06.2018 16:04 - Log.MarketModel.DataManagement - INFO - DataSet initialized!
04.06.2018 16:04 - Log.MarketModel.GridModel - INFO - Checking Grid Topology...
04.06.2018 16:04 - Log.MarketModel.GridModel - INFO - Radial lines are part of the contingency: l239, l268
04.06.2018 16:04 - Log.MarketModel.GridModel - INFO - Contingency of radial lines is set to False
04.06.2018 16:05 - Log.MarketModel.GridModel - INFO - GridModel initialized!
04.06.2018 16:05 - Log.MarketModel.CBCOModule - INFO - Number of CBCOs from ConvexHull Method: 118
04.06.2018 16:05 - Log.MarketModel.CBCOModule - INFO - Running Julia CBCO-Algorithm...
04.06.2018 16:05 - Log.MarketModel.CBCOModule - INFO - Number of positive CBCOs for Julia CBCO-Algorithm: 60
04.06.2018 16:05 - Log.MarketModel.CBCOModule - INFO - Start-Time: 16:05:27
04.06.2018 16:05 - Log.MarketModel.CBCOModule - CRITICAL - Error in Julia code
04.06.2018 16:05 - Log.MarketModel.CBCOModule - ERROR - e:cbco
Traceback (most recent call last):
  File "/Users/Balu/tubcloud/Market_Tool/pomato_repo/pomato/cbco_module.py", line 116, in cbco_algorithm
    self.cbco_index = self.cbco_index_positive_to_full_Ab(cbco_index)
  File "/Users/Balu/tubcloud/Market_Tool/pomato_repo/pomato/cbco_module.py", line 177, in cbco_index_positive_to_full_Ab
    for i in array_cbco_index:
TypeError: 'NoneType' object is not iterable
04.06.2018 16:36 - Log.MarketModel - INFO - Optimization Options:{
  "opt": "cbco_nodal",
  "infeas_heat": true,
  "infeas_el": true,
  "infeas_lines": true
}

04.06.2018 16:36 - Log.MarketModel - INFO - Market Tool Initialized
04.06.2018 16:36 - Log.MarketModel.DataManagement - INFO - Initializing DataObject
04.06.2018 16:36 - Log.MarketModel.GridModel - INFO - Initializing GridModel..
04.06.2018 16:36 - Log.MarketModel.DataManagement - INFO - Reading Data from Excel File
04.06.2018 16:36 - Log.MarketModel.DataManagement - INFO - Cleaning Names...
04.06.2018 16:36 - Log.MarketModel.DataManagement - INFO - Checking Data...
04.06.2018 16:36 - Log.MarketModel.DataManagement - WARNING - DataFrame plants contains NaN in column heatarea
04.06.2018 16:36 - Log.MarketModel.DataManagement - INFO - DataSet initialized!
04.06.2018 16:36 - Log.MarketModel.GridModel - INFO - Checking Grid Topology...
04.06.2018 16:36 - Log.MarketModel.GridModel - INFO - Radial lines are part of the contingency: l239, l268
04.06.2018 16:36 - Log.MarketModel.GridModel - INFO - Contingency of radial lines is set to False
04.06.2018 16:36 - Log.MarketModel.GridModel - INFO - GridModel initialized!
04.06.2018 16:36 - Log.MarketModel.CBCOModule - INFO - Number of CBCOs from ConvexHull Method: 121
04.06.2018 16:36 - Log.MarketModel.CBCOModule - INFO - Running Julia CBCO-Algorithm...
04.06.2018 16:36 - Log.MarketModel.CBCOModule - INFO - Number of positive CBCOs for Julia CBCO-Algorithm: 56
04.06.2018 16:36 - Log.MarketModel.CBCOModule - INFO - Start-Time: 16:36:43
04.06.2018 16:36 - Log.MarketModel.CBCOModule - CRITICAL - Error in Julia code
04.06.2018 16:36 - Log.MarketModel.CBCOModule - ERROR - e:cbco
Traceback (most recent call last):
  File "/Users/Balu/tubcloud/Market_Tool/pomato_repo/pomato/cbco_module.py", line 116, in cbco_algorithm
    self.cbco_index = self.cbco_index_positive_to_full_Ab(cbco_index)
  File "/Users/Balu/tubcloud/Market_Tool/pomato_repo/pomato/cbco_module.py", line 177, in cbco_index_positive_to_full_Ab
    for i in array_cbco_index:
TypeError: 'NoneType' object is not iterable
04.06.2018 16:40 - Log.MarketModel - INFO - Optimization Options:{
  "opt": "cbco_nodal",
  "infeas_heat": true,
  "infeas_el": true,
  "infeas_lines": true
}

04.06.2018 16:40 - Log.MarketModel - INFO - Market Tool Initialized
04.06.2018 16:40 - Log.MarketModel.DataManagement - INFO - Initializing DataObject
04.06.2018 16:40 - Log.MarketModel.GridModel - INFO - Initializing GridModel..
04.06.2018 16:40 - Log.MarketModel.DataManagement - INFO - Reading Data from Excel File
04.06.2018 16:40 - Log.MarketModel.DataManagement - INFO - Cleaning Names...
04.06.2018 16:40 - Log.MarketModel.DataManagement - INFO - Checking Data...
04.06.2018 16:40 - Log.MarketModel.DataManagement - WARNING - DataFrame plants contains NaN in column heatarea
04.06.2018 16:40 - Log.MarketModel.DataManagement - INFO - DataSet initialized!
04.06.2018 16:40 - Log.MarketModel.GridModel - INFO - Checking Grid Topology...
04.06.2018 16:40 - Log.MarketModel.GridModel - INFO - Radial lines are part of the contingency: l239, l268
04.06.2018 16:40 - Log.MarketModel.GridModel - INFO - Contingency of radial lines is set to False
04.06.2018 16:40 - Log.MarketModel.GridModel - INFO - GridModel initialized!
04.06.2018 16:40 - Log.MarketModel.CBCOModule - INFO - Number of CBCOs from ConvexHull Method: 118
04.06.2018 16:40 - Log.MarketModel.CBCOModule - INFO - Running Julia CBCO-Algorithm...
04.06.2018 16:40 - Log.MarketModel.CBCOModule - INFO - Number of positive CBCOs for Julia CBCO-Algorithm: 62
04.06.2018 16:40 - Log.MarketModel.CBCOModule - INFO - Start-Time: 16:40:52
04.06.2018 16:40 - Log.MarketModel.CBCOModule - CRITICAL - Error in Julia code
04.06.2018 16:40 - Log.MarketModel.CBCOModule - ERROR - e:cbco
Traceback (most recent call last):
  File "/Users/Balu/tubcloud/Market_Tool/pomato_repo/pomato/cbco_module.py", line 116, in cbco_algorithm
    self.cbco_index = self.cbco_index_positive_to_full_Ab(cbco_index)
  File "/Users/Balu/tubcloud/Market_Tool/pomato_repo/pomato/cbco_module.py", line 177, in cbco_index_positive_to_full_Ab
    for i in array_cbco_index:
TypeError: 'NoneType' object is not iterable
04.06.2018 16:42 - Log.MarketModel - INFO - Optimization Options:{
  "opt": "cbco_nodal",
  "infeas_heat": true,
  "infeas_el": true,
  "infeas_lines": true
}

04.06.2018 16:42 - Log.MarketModel - INFO - Market Tool Initialized
04.06.2018 16:42 - Log.MarketModel.DataManagement - INFO - Initializing DataObject
04.06.2018 16:42 - Log.MarketModel.GridModel - INFO - Initializing GridModel..
04.06.2018 16:42 - Log.MarketModel.DataManagement - INFO - Reading Data from Excel File
04.06.2018 16:42 - Log.MarketModel.DataManagement - INFO - Cleaning Names...
04.06.2018 16:42 - Log.MarketModel.DataManagement - INFO - Checking Data...
04.06.2018 16:42 - Log.MarketModel.DataManagement - WARNING - DataFrame plants contains NaN in column heatarea
04.06.2018 16:42 - Log.MarketModel.DataManagement - INFO - DataSet initialized!
04.06.2018 16:42 - Log.MarketModel.GridModel - INFO - Checking Grid Topology...
04.06.2018 16:42 - Log.MarketModel.GridModel - INFO - Radial lines are part of the contingency: l239, l268
04.06.2018 16:42 - Log.MarketModel.GridModel - INFO - Contingency of radial lines is set to False
04.06.2018 16:42 - Log.MarketModel.GridModel - INFO - GridModel initialized!
04.06.2018 16:42 - Log.MarketModel.CBCOModule - INFO - Number of CBCOs from ConvexHull Method: 118
04.06.2018 16:42 - Log.MarketModel.CBCOModule - INFO - Running Julia CBCO-Algorithm...
04.06.2018 16:42 - Log.MarketModel.CBCOModule - INFO - Number of positive CBCOs for Julia CBCO-Algorithm: 60
04.06.2018 16:43 - Log.MarketModel.CBCOModule - INFO - Start-Time: 16:43:05
04.06.2018 16:43 - Log.MarketModel.CBCOModule - CRITICAL - Error in Julia code
04.06.2018 16:43 - Log.MarketModel.CBCOModule - ERROR - e:cbco
Traceback (most recent call last):
  File "/Users/Balu/tubcloud/Market_Tool/pomato_repo/pomato/cbco_module.py", line 116, in cbco_algorithm
    self.cbco_index = self.cbco_index_positive_to_full_Ab(cbco_index)
  File "/Users/Balu/tubcloud/Market_Tool/pomato_repo/pomato/cbco_module.py", line 177, in cbco_index_positive_to_full_Ab
    for i in array_cbco_index:
TypeError: 'NoneType' object is not iterable
04.06.2018 16:44 - Log.MarketModel - INFO - Optimization Options:{
  "opt": "ntc",
  "infeas_heat": true,
  "infeas_el": true,
  "infeas_lines": true
}

04.06.2018 16:44 - Log.MarketModel - INFO - Market Tool Initialized
04.06.2018 16:44 - Log.MarketModel.DataManagement - INFO - Initializing DataObject
04.06.2018 16:44 - Log.MarketModel.GridModel - INFO - Initializing GridModel..
04.06.2018 16:44 - Log.MarketModel.DataManagement - INFO - Reading Data from Excel File
04.06.2018 16:44 - Log.MarketModel.DataManagement - INFO - Cleaning Names...
04.06.2018 16:44 - Log.MarketModel.DataManagement - INFO - Checking Data...
04.06.2018 16:44 - Log.MarketModel.DataManagement - WARNING - DataFrame plants contains NaN in column heatarea
04.06.2018 16:44 - Log.MarketModel.DataManagement - INFO - DataSet initialized!
04.06.2018 16:44 - Log.MarketModel.GridModel - INFO - Checking Grid Topology...
04.06.2018 16:44 - Log.MarketModel.GridModel - INFO - Radial lines are part of the contingency: l239, l268
04.06.2018 16:44 - Log.MarketModel.GridModel - INFO - Contingency of radial lines is set to False
04.06.2018 16:44 - Log.MarketModel.GridModel - INFO - GridModel initialized!
04.06.2018 16:46 - Log.MarketModel - INFO - Optimization Options:{
  "opt": "ntc",
  "infeas_heat": true,
  "infeas_el": true,
  "infeas_lines": true
}

04.06.2018 16:46 - Log.MarketModel - INFO - Market Tool Initialized
04.06.2018 16:46 - Log.MarketModel.DataManagement - INFO - Initializing DataObject
04.06.2018 16:46 - Log.MarketModel.GridModel - INFO - Initializing GridModel..
04.06.2018 16:46 - Log.MarketModel.DataManagement - INFO - Reading Data from Excel File
04.06.2018 16:46 - Log.MarketModel.DataManagement - INFO - Cleaning Names...
04.06.2018 16:46 - Log.MarketModel.DataManagement - INFO - Checking Data...
04.06.2018 16:46 - Log.MarketModel.DataManagement - WARNING - DataFrame plants contains NaN in column heatarea
04.06.2018 16:46 - Log.MarketModel.DataManagement - INFO - DataSet initialized!
04.06.2018 16:46 - Log.MarketModel.GridModel - INFO - Checking Grid Topology...
04.06.2018 16:46 - Log.MarketModel.GridModel - INFO - Radial lines are part of the contingency: l239, l268
04.06.2018 16:46 - Log.MarketModel.GridModel - INFO - Contingency of radial lines is set to False
04.06.2018 16:46 - Log.MarketModel.GridModel - INFO - GridModel initialized!
04.06.2018 16:46 - Log.MarketModel.JuliaInterface - WARNING - CBCO.json not found - Check if relevant for the model
04.06.2018 16:46 - Log.MarketModel.JuliaInterface - WARNING - ptdf.json not found - Check if relevant for the model
04.06.2018 16:46 - Log.MarketModel.JuliaInterface - INFO - Start-Time: 16:46:59
04.06.2018 16:47 - Log.MarketModel.JuliaInterface - ERROR - error in Julia Code!

04.06.2018 16:47 - Log.MarketModel.JuliaInterface - ERROR - ERROR: could not open file /Users/Balu/tubcloud/Market_Tool/pomato_repo/julia/main.jl
Stacktrace:
 [1] include_from_node1(::String) at ./loading.jl:576
 [2] include(::String) at ./sysimg.jl:14
 [3] process_options(::Base.JLOptions) at ./client.jl:305
 [4] _start() at ./client.jl:371

04.06.2018 16:47 - Log.MarketModel.JuliaInterface - INFO - julia.log saved!
04.06.2018 16:47 - Log.MarketModel.JuliaInterface - INFO - End-Time: 16:47:02
04.06.2018 16:47 - Log.MarketModel.JuliaInterface - INFO - Total Time: 2.415288 sec
04.06.2018 16:47 - Log.MarketModel - INFO - Optimization Options:{
  "opt": "ntc",
  "infeas_heat": true,
  "infeas_el": true,
  "infeas_lines": true
}

04.06.2018 16:47 - Log.MarketModel - INFO - Market Tool Initialized
04.06.2018 16:47 - Log.MarketModel.DataManagement - INFO - Initializing DataObject
04.06.2018 16:47 - Log.MarketModel.GridModel - INFO - Initializing GridModel..
04.06.2018 16:47 - Log.MarketModel.DataManagement - INFO - Reading Data from Excel File
04.06.2018 16:47 - Log.MarketModel.DataManagement - INFO - Cleaning Names...
04.06.2018 16:47 - Log.MarketModel.DataManagement - INFO - Checking Data...
04.06.2018 16:47 - Log.MarketModel.DataManagement - WARNING - DataFrame plants contains NaN in column heatarea
04.06.2018 16:47 - Log.MarketModel.DataManagement - INFO - DataSet initialized!
04.06.2018 16:47 - Log.MarketModel.GridModel - INFO - Checking Grid Topology...
04.06.2018 16:47 - Log.MarketModel.GridModel - INFO - Radial lines are part of the contingency: l239, l268
04.06.2018 16:47 - Log.MarketModel.GridModel - INFO - Contingency of radial lines is set to False
04.06.2018 16:47 - Log.MarketModel.GridModel - INFO - GridModel initialized!
04.06.2018 16:47 - Log.MarketModel.JuliaInterface - WARNING - CBCO.json not found - Check if relevant for the model
04.06.2018 16:47 - Log.MarketModel.JuliaInterface - WARNING - ptdf.json not found - Check if relevant for the model
04.06.2018 16:47 - Log.MarketModel.JuliaInterface - INFO - Start-Time: 16:47:54
04.06.2018 16:47 - Log.MarketModel.JuliaInterface - ERROR - error in Julia Code!

04.06.2018 16:47 - Log.MarketModel.JuliaInterface - ERROR - ERROR: could not open file /Users/Balu/tubcloud/Market_Tool/pomato_repo/julia/main.jl
Stacktrace:
 [1] include_from_node1(::String) at ./loading.jl:576
 [2] include(::String) at ./sysimg.jl:14
 [3] process_options(::Base.JLOptions) at ./client.jl:305
 [4] _start() at ./client.jl:371

04.06.2018 16:47 - Log.MarketModel.JuliaInterface - INFO - julia.log saved!
04.06.2018 16:47 - Log.MarketModel.JuliaInterface - INFO - End-Time: 16:47:56
04.06.2018 16:47 - Log.MarketModel.JuliaInterface - INFO - Total Time: 2.524261 sec
04.06.2018 16:48 - Log.MarketModel - INFO - Optimization Options:{
  "opt": "ntc",
  "infeas_heat": true,
  "infeas_el": true,
  "infeas_lines": true
}

04.06.2018 16:48 - Log.MarketModel - INFO - Market Tool Initialized
04.06.2018 16:48 - Log.MarketModel.DataManagement - INFO - Initializing DataObject
04.06.2018 16:48 - Log.MarketModel.GridModel - INFO - Initializing GridModel..
04.06.2018 16:48 - Log.MarketModel.DataManagement - INFO - Reading Data from Excel File
04.06.2018 16:48 - Log.MarketModel.DataManagement - INFO - Cleaning Names...
04.06.2018 16:48 - Log.MarketModel.DataManagement - INFO - Checking Data...
04.06.2018 16:48 - Log.MarketModel.DataManagement - WARNING - DataFrame plants contains NaN in column heatarea
04.06.2018 16:48 - Log.MarketModel.DataManagement - INFO - DataSet initialized!
04.06.2018 16:48 - Log.MarketModel.GridModel - INFO - Checking Grid Topology...
04.06.2018 16:48 - Log.MarketModel.GridModel - INFO - Radial lines are part of the contingency: l239, l268
04.06.2018 16:48 - Log.MarketModel.GridModel - INFO - Contingency of radial lines is set to False
04.06.2018 16:48 - Log.MarketModel.GridModel - INFO - GridModel initialized!
04.06.2018 16:48 - Log.MarketModel.JuliaInterface - WARNING - CBCO.json not found - Check if relevant for the model
04.06.2018 16:48 - Log.MarketModel.JuliaInterface - WARNING - ptdf.json not found - Check if relevant for the model
04.06.2018 16:48 - Log.MarketModel.JuliaInterface - INFO - Start-Time: 16:48:38
04.06.2018 16:48 - Log.MarketModel.JuliaInterface - ERROR - error in Julia Code!

04.06.2018 16:48 - Log.MarketModel.JuliaInterface - ERROR - ERROR: could not open file /Users/Balu/tubcloud/Market_Tool/pomato_repo/julia/main.jl
Stacktrace:
 [1] include_from_node1(::String) at ./loading.jl:576
 [2] include(::String) at ./sysimg.jl:14
 [3] process_options(::Base.JLOptions) at ./client.jl:305
 [4] _start() at ./client.jl:371

04.06.2018 16:48 - Log.MarketModel.JuliaInterface - INFO - julia.log saved!
04.06.2018 16:48 - Log.MarketModel.JuliaInterface - INFO - End-Time: 16:48:40
04.06.2018 16:48 - Log.MarketModel.JuliaInterface - INFO - Total Time: 1.86739 sec
04.06.2018 16:49 - Log.MarketModel - INFO - Optimization Options:{
  "opt": "ntc",
  "infeas_heat": true,
  "infeas_el": true,
  "infeas_lines": true
}

04.06.2018 16:49 - Log.MarketModel - INFO - Market Tool Initialized
04.06.2018 16:49 - Log.MarketModel.DataManagement - INFO - Initializing DataObject
04.06.2018 16:49 - Log.MarketModel.GridModel - INFO - Initializing GridModel..
04.06.2018 16:49 - Log.MarketModel.DataManagement - INFO - Reading Data from Excel File
04.06.2018 16:49 - Log.MarketModel.DataManagement - INFO - Cleaning Names...
04.06.2018 16:49 - Log.MarketModel.DataManagement - INFO - Checking Data...
04.06.2018 16:49 - Log.MarketModel.DataManagement - WARNING - DataFrame plants contains NaN in column heatarea
04.06.2018 16:49 - Log.MarketModel.DataManagement - INFO - DataSet initialized!
04.06.2018 16:49 - Log.MarketModel.GridModel - INFO - Checking Grid Topology...
04.06.2018 16:49 - Log.MarketModel.GridModel - INFO - Radial lines are part of the contingency: l239, l268
04.06.2018 16:49 - Log.MarketModel.GridModel - INFO - Contingency of radial lines is set to False
04.06.2018 16:49 - Log.MarketModel.GridModel - INFO - GridModel initialized!
04.06.2018 16:49 - Log.MarketModel.JuliaInterface - WARNING - CBCO.json not found - Check if relevant for the model
04.06.2018 16:49 - Log.MarketModel.JuliaInterface - WARNING - ptdf.json not found - Check if relevant for the model
04.06.2018 16:49 - Log.MarketModel.JuliaInterface - INFO - Start-Time: 16:49:57
04.06.2018 16:50 - Log.MarketModel.JuliaInterface - INFO - Reading Model Data
04.06.2018 16:50 - Log.MarketModel.JuliaInterface - INFO - Data Prepared
04.06.2018 16:50 - Log.MarketModel.JuliaInterface - INFO - Starting ntc Model
04.06.2018 16:50 - Log.MarketModel.JuliaInterface - INFO - Building Constraints
04.06.2018 16:50 - Log.MarketModel.JuliaInterface - INFO - Solving...
04.06.2018 16:50 - Log.MarketModel.JuliaInterface - INFO - Objective: 6.851012930816959e7
04.06.2018 16:50 - Log.MarketModel.JuliaInterface - INFO - Solvetime: 3.099711584 seconds
04.06.2018 16:50 - Log.MarketModel.JuliaInterface - INFO - DONE
04.06.2018 16:50 - Log.MarketModel.JuliaInterface - INFO - End-Time: 16:50:48
04.06.2018 16:50 - Log.MarketModel.JuliaInterface - INFO - Total Time: 51.623506 sec
04.06.2018 16:50 - Log.MarketModel.JuliaInterface - INFO - Check for infeasiblities in electricity energy balance...
04.06.2018 16:50 - Log.MarketModel.JuliaInterface - INFO - Check for infeasiblities in heat energy balance...
04.06.2018 16:52 - Log.MarketModel - INFO - Optimization Options:{
  "opt": "ntc",
  "infeas_heat": true,
  "infeas_el": true,
  "infeas_lines": true
}

04.06.2018 16:52 - Log.MarketModel - INFO - Market Tool Initialized
04.06.2018 16:52 - Log.MarketModel.DataManagement - INFO - Initializing DataObject
04.06.2018 16:52 - Log.MarketModel.GridModel - INFO - Initializing GridModel..
04.06.2018 16:52 - Log.MarketModel.DataManagement - INFO - Reading Data from Excel File
04.06.2018 16:52 - Log.MarketModel.DataManagement - INFO - Cleaning Names...
04.06.2018 16:53 - Log.MarketModel.DataManagement - INFO - Checking Data...
04.06.2018 16:53 - Log.MarketModel.DataManagement - WARNING - DataFrame plants contains NaN in column heatarea
04.06.2018 16:53 - Log.MarketModel.DataManagement - INFO - DataSet initialized!
04.06.2018 16:53 - Log.MarketModel.GridModel - INFO - Checking Grid Topology...
04.06.2018 16:53 - Log.MarketModel.GridModel - INFO - Radial lines are part of the contingency: l239, l268
04.06.2018 16:53 - Log.MarketModel.GridModel - INFO - Contingency of radial lines is set to False
04.06.2018 16:53 - Log.MarketModel.GridModel - INFO - GridModel initialized!
04.06.2018 16:53 - Log.MarketModel.JuliaInterface - WARNING - CBCO.json not found - Check if relevant for the model
04.06.2018 16:53 - Log.MarketModel.JuliaInterface - WARNING - ptdf.json not found - Check if relevant for the model
04.06.2018 16:53 - Log.MarketModel.JuliaInterface - INFO - Start-Time: 16:53:12
04.06.2018 16:53 - Log.MarketModel.JuliaInterface - INFO - Reading Model Data
04.06.2018 16:53 - Log.MarketModel.JuliaInterface - INFO - Data Prepared
04.06.2018 16:53 - Log.MarketModel.JuliaInterface - INFO - Starting ntc Model
04.06.2018 16:53 - Log.MarketModel.JuliaInterface - INFO - Building Constraints
04.06.2018 16:53 - Log.MarketModel.JuliaInterface - INFO - Solving...
04.06.2018 16:53 - Log.MarketModel.JuliaInterface - INFO - Objective: 6.851012930816959e7
04.06.2018 16:53 - Log.MarketModel.JuliaInterface - INFO - Solvetime: 2.744638323 seconds
04.06.2018 16:53 - Log.MarketModel.JuliaInterface - INFO - DONE
04.06.2018 16:53 - Log.MarketModel.JuliaInterface - INFO - End-Time: 16:53:58
04.06.2018 16:53 - Log.MarketModel.JuliaInterface - INFO - Total Time: 45.721266 sec
04.06.2018 16:54 - Log.MarketModel.JuliaInterface - INFO - Check for infeasiblities in electricity energy balance...
04.06.2018 16:54 - Log.MarketModel.JuliaInterface - INFO - Check for infeasiblities in heat energy balance...
